#! /c/Source/iverilog-install/bin/vvp
:ivl_version "12.0 (devel)" "(s20150603-1110-g18392a46)";
:ivl_delay_selection "TYPICAL";
:vpi_time_precision - 12;
:vpi_module "E:\MINIRP~1\iverilog\lib\ivl\system.vpi";
:vpi_module "E:\MINIRP~1\iverilog\lib\ivl\vhdl_sys.vpi";
:vpi_module "E:\MINIRP~1\iverilog\lib\ivl\vhdl_textio.vpi";
:vpi_module "E:\MINIRP~1\iverilog\lib\ivl\v2005_math.vpi";
:vpi_module "E:\MINIRP~1\iverilog\lib\ivl\va_math.vpi";
S_000000000069ac10 .scope module, "dff_tb" "dff_tb" 2 3;
 .timescale -9 -12;
v000000000069d0e0_0 .var "D", 0 0;
v000000000069d180_0 .net "Q", 0 0, v0000000000697dd0_0;  1 drivers
v000000000069d220_0 .net "Qb", 0 0, L_000000000069b4b0;  1 drivers
v000000000069d2c0_0 .var "clk", 0 0;
v000000000069d360_0 .var "rstn", 0 0;
S_000000000069cf50 .scope module, "D_DUT" "dff" 2 50, 3 3 0, S_000000000069ac10;
 .timescale -9 -12;
    .port_info 0 /INPUT 1 "D";
    .port_info 1 /INPUT 1 "clk";
    .port_info 2 /INPUT 1 "rstn";
    .port_info 3 /OUTPUT 1 "Q";
    .port_info 4 /OUTPUT 1 "Qb";
L_000000000069b4b0 .functor NOT 1, v0000000000697dd0_0, C4<0>, C4<0>, C4<0>;
v000000000037be60_0 .net "D", 0 0, v000000000069d0e0_0;  1 drivers
v0000000000697dd0_0 .var "Q", 0 0;
v000000000069aa30_0 .net "Qb", 0 0, L_000000000069b4b0;  alias, 1 drivers
v000000000069ada0_0 .net "clk", 0 0, v000000000069d2c0_0;  1 drivers
v000000000069ae40_0 .net "rstn", 0 0, v000000000069d360_0;  1 drivers
E_000000000037ec70 .event posedge, v000000000069ae40_0, v000000000069ada0_0;
    .scope S_000000000069cf50;
T_0 ;
    %wait E_000000000037ec70;
    %load/vec4 v000000000069ae40_0;
    %flag_set/vec4 8;
    %jmp/0xz  T_0.0, 8;
    %pushi/vec4 0, 0, 1;
    %store/vec4 v0000000000697dd0_0, 0, 1;
    %jmp T_0.1;
T_0.0 ;
    %load/vec4 v000000000037be60_0;
    %store/vec4 v0000000000697dd0_0, 0, 1;
T_0.1 ;
    %jmp T_0;
    .thread T_0;
    .scope S_000000000069ac10;
T_1 ;
    %pushi/vec4 0, 0, 1;
    %store/vec4 v000000000069d2c0_0, 0, 1;
T_1.0 ;
    %delay 10000, 0;
    %load/vec4 v000000000069d2c0_0;
    %inv;
    %store/vec4 v000000000069d2c0_0, 0, 1;
    %jmp T_1.0;
    %end;
    .thread T_1;
    .scope S_000000000069ac10;
T_2 ;
    %pushi/vec4 1, 0, 1;
    %store/vec4 v000000000069d360_0, 0, 1;
    %delay 40000, 0;
    %pushi/vec4 0, 0, 1;
    %store/vec4 v000000000069d360_0, 0, 1;
    %pushi/vec4 0, 0, 1;
    %store/vec4 v000000000069d0e0_0, 0, 1;
    %delay 20000, 0;
    %pushi/vec4 1, 0, 1;
    %store/vec4 v000000000069d0e0_0, 0, 1;
    %delay 20000, 0;
    %pushi/vec4 0, 0, 1;
    %store/vec4 v000000000069d0e0_0, 0, 1;
    %delay 20000, 0;
    %pushi/vec4 1, 0, 1;
    %store/vec4 v000000000069d0e0_0, 0, 1;
    %delay 20000, 0;
    %pushi/vec4 0, 0, 1;
    %store/vec4 v000000000069d0e0_0, 0, 1;
    %end;
    .thread T_2;
    .scope S_000000000069ac10;
T_3 ;
    %vpi_call 2 37 "$monitor", "@:%0t :: rstn:%0b, D:%0b, Q:%0b, Qb:%0b", $time, v000000000069d360_0, v000000000069d0e0_0, v000000000069d180_0, v000000000069d220_0 {0 0 0};
    %end;
    .thread T_3;
    .scope S_000000000069ac10;
T_4 ;
    %delay 1000000, 0;
    %vpi_call 2 43 "$finish" {0 0 0};
    %end;
    .thread T_4;
    .scope S_000000000069ac10;
T_5 ;
    %vpi_call 2 46 "$dumpfile", "dff.vcd" {0 0 0};
    %vpi_call 2 47 "$dumpvars", 32'sb00000000000000000000000000000001 {0 0 0};
    %end;
    .thread T_5;
# The file index is used to find the file name in the following table.
:file_names 4;
    "N/A";
    "<interactive>";
    ".\tb.v";
    ".\dff.v";
